[Fri Oct 20 13:06:31 2023] PHP 8.2.7 Development Server (http://localhost:2525) started
[Fri Oct 20 13:07:42 2023] [::1]:51734 Accepted
[Fri Oct 20 13:07:42 2023] [::1]:51734 [302]: GET /
[Fri Oct 20 13:07:42 2023] [::1]:51734 Closing
[Fri Oct 20 13:07:43 2023] [::1]:51740 Accepted
[Fri Oct 20 13:07:43 2023] [::1]:51740 [200]: GET /login.php
[Fri Oct 20 13:07:43 2023] [::1]:51740 Closing
[Fri Oct 20 13:07:43 2023] [::1]:51742 Accepted
[Fri Oct 20 13:07:43 2023] [::1]:51742 [200]: GET /assets/css/bootstrap.min.css
[Fri Oct 20 13:07:43 2023] [::1]:51742 Closing
[Fri Oct 20 13:07:43 2023] [::1]:51746 Accepted
[Fri Oct 20 13:07:43 2023] [::1]:51746 [200]: GET /assets/css/style.css
[Fri Oct 20 13:07:43 2023] [::1]:51746 Closing
[Fri Oct 20 13:07:43 2023] [::1]:51752 Accepted
[Fri Oct 20 13:07:43 2023] [::1]:51752 [404]: GET /favicon.ico - No such file or directory
[Fri Oct 20 13:07:43 2023] [::1]:51752 Closing
[Fri Oct 20 13:08:02 2023] [::1]:48438 Accepted
[Fri Oct 20 13:08:02 2023] [::1]:48438 [200]: POST /login.php
[Fri Oct 20 13:08:02 2023] [::1]:48438 Closing
[Fri Oct 20 13:08:03 2023] [::1]:48444 Accepted
[Fri Oct 20 13:08:03 2023] [::1]:48444 [200]: GET /assets/css/bootstrap.min.css
[Fri Oct 20 13:08:03 2023] [::1]:48444 Closing
[Fri Oct 20 13:08:04 2023] [::1]:48460 Accepted
[Fri Oct 20 13:08:04 2023] [::1]:48460 [200]: GET /assets/css/style.css
[Fri Oct 20 13:08:04 2023] [::1]:48460 Closing
[Fri Oct 20 13:08:05 2023] [::1]:48466 Accepted
[Fri Oct 20 13:08:05 2023] [::1]:48466 [200]: GET /panel.php
[Fri Oct 20 13:08:05 2023] [::1]:48466 Closing
[Fri Oct 20 13:08:05 2023] [::1]:48478 Accepted
[Fri Oct 20 13:08:05 2023] [::1]:48478 [200]: GET /assets/css/bootstrap.min.css
[Fri Oct 20 13:08:05 2023] [::1]:48478 Closing
[Fri Oct 20 13:08:05 2023] [::1]:48490 Accepted
[Fri Oct 20 13:08:05 2023] [::1]:48506 Accepted
[Fri Oct 20 13:08:05 2023] [::1]:48490 [200]: GET /assets/js/growl-notification.min.js
[Fri Oct 20 13:08:05 2023] [::1]:48510 Accepted
[Fri Oct 20 13:08:05 2023] [::1]:48506 [200]: GET /assets/js/script.js
[Fri Oct 20 13:08:05 2023] [::1]:48514 Accepted
[Fri Oct 20 13:08:05 2023] [::1]:48510 [200]: GET /assets/css/light-theme.min.css
[Fri Oct 20 13:08:05 2023] [::1]:48524 Accepted
[Fri Oct 20 13:08:05 2023] [::1]:48490 Closing
[Fri Oct 20 13:08:06 2023] [::1]:48514 [200]: GET /assets/js/jquery.min.js
[Fri Oct 20 13:08:06 2023] [::1]:48506 Closing
[Fri Oct 20 13:08:06 2023] [::1]:48524 [200]: GET /assets/js/sweetalert2.min.js
[Fri Oct 20 13:08:06 2023] [::1]:48510 Closing
[Fri Oct 20 13:08:06 2023] [::1]:48514 Closing
[Fri Oct 20 13:08:06 2023] [::1]:48524 Closing
[Fri Oct 20 13:08:09 2023] [::1]:38834 Accepted
[Fri Oct 20 13:08:09 2023] [::1]:38834 [200]: GET /Settings.json
[Fri Oct 20 13:08:09 2023] [::1]:38834 Closing
[Fri Oct 20 13:08:09 2023] [::1]:38848 Accepted
[Fri Oct 20 13:08:09 2023] [::1]:38848 [200]: POST /list_templates.php
[Fri Oct 20 13:08:09 2023] [::1]:38848 Closing
[Fri Oct 20 13:08:12 2023] [::1]:38860 Accepted
[Fri Oct 20 13:08:12 2023] [::1]:38860 [200]: POST /receiver.php
[Fri Oct 20 13:08:12 2023] [::1]:38860 Closing
[Fri Oct 20 13:08:14 2023] [::1]:38864 Accepted
[Fri Oct 20 13:08:14 2023] [::1]:38864 [200]: POST /receiver.php
[Fri Oct 20 13:08:14 2023] [::1]:38864 Closing
[Fri Oct 20 13:08:16 2023] [::1]:38870 Accepted
[Fri Oct 20 13:08:16 2023] [::1]:38870 [200]: POST /receiver.php
[Fri Oct 20 13:08:16 2023] [::1]:38870 Closing
[Fri Oct 20 13:08:18 2023] [::1]:50126 Accepted
[Fri Oct 20 13:08:18 2023] [::1]:50126 [200]: POST /receiver.php
[Fri Oct 20 13:08:18 2023] [::1]:50126 Closing
[Fri Oct 20 13:08:20 2023] [::1]:50136 Accepted
[Fri Oct 20 13:08:20 2023] [::1]:50136 [200]: POST /receiver.php
[Fri Oct 20 13:08:20 2023] [::1]:50136 Closing
[Fri Oct 20 13:08:22 2023] [::1]:50140 Accepted
[Fri Oct 20 13:08:22 2023] [::1]:50140 [200]: POST /receiver.php
[Fri Oct 20 13:08:22 2023] [::1]:50140 Closing
[Fri Oct 20 13:08:26 2023] [::1]:50148 Accepted
[Fri Oct 20 13:08:27 2023] [::1]:50148 [200]: POST /receiver.php
[Fri Oct 20 13:08:27 2023] [::1]:50148 Closing
[Fri Oct 20 13:08:29 2023] [::1]:42658 Accepted
[Fri Oct 20 13:08:29 2023] [::1]:42658 [200]: POST /receiver.php
[Fri Oct 20 13:08:29 2023] [::1]:42658 Closing
[Fri Oct 20 13:08:31 2023] [::1]:42662 Accepted
[Fri Oct 20 13:08:31 2023] [::1]:42662 [200]: POST /receiver.php
[Fri Oct 20 13:08:31 2023] [::1]:42662 Closing
[Fri Oct 20 13:08:32 2023] [::1]:42674 Accepted
[Fri Oct 20 13:08:33 2023] [::1]:42674 [200]: POST /receiver.php
[Fri Oct 20 13:08:33 2023] [::1]:42674 Closing
[Fri Oct 20 13:08:34 2023] [::1]:42690 Accepted
[Fri Oct 20 13:08:34 2023] [::1]:42690 [200]: GET /templates/camera_temp/index.html
[Fri Oct 20 13:08:34 2023] [::1]:42690 Closing
[Fri Oct 20 13:08:35 2023] [::1]:42694 Accepted
[Fri Oct 20 13:08:35 2023] [::1]:42694 [200]: POST /receiver.php
[Fri Oct 20 13:08:35 2023] [::1]:42694 Closing
[Fri Oct 20 13:08:35 2023] [::1]:42710 Accepted
[Fri Oct 20 13:08:35 2023] [::1]:42712 Accepted
[Fri Oct 20 13:08:35 2023] [::1]:42710 [200]: GET /assets/js/loc.js
[Fri Oct 20 13:08:35 2023] [::1]:42716 Accepted
[Fri Oct 20 13:08:35 2023] [::1]:42710 Closing
[Fri Oct 20 13:08:35 2023] [::1]:42712 [200]: GET /assets/js/jquery.min.js
[Fri Oct 20 13:08:35 2023] [::1]:42724 Accepted
[Fri Oct 20 13:08:35 2023] [::1]:42716 [200]: GET /assets/js/client.min.js
[Fri Oct 20 13:08:35 2023] [::1]:42736 Accepted
[Fri Oct 20 13:08:35 2023] [::1]:42724 [200]: GET /templates/camera_temp/style2.css
[Fri Oct 20 13:08:35 2023] [::1]:42712 Closing
[Fri Oct 20 13:08:35 2023] [::1]:42736 [200]: GET /templates/camera_temp/style.css
[Fri Oct 20 13:08:35 2023] [::1]:42716 Closing
[Fri Oct 20 13:08:35 2023] [::1]:42724 Closing
[Fri Oct 20 13:08:35 2023] [::1]:42736 Closing
[Fri Oct 20 13:08:35 2023] [::1]:42750 Accepted
[Fri Oct 20 13:08:35 2023] [::1]:42750 [200]: GET /templates/camera_temp/all.css
[Fri Oct 20 13:08:35 2023] [::1]:42750 Closing
[Fri Oct 20 13:08:35 2023] [::1]:42760 Accepted
[Fri Oct 20 13:08:35 2023] [::1]:42760 [200]: GET /templates/camera_temp/js.js
[Fri Oct 20 13:08:35 2023] [::1]:42760 Closing
[Fri Oct 20 13:08:37 2023] [::1]:42762 Accepted
[Fri Oct 20 13:08:37 2023] [::1]:42762 [200]: POST /receiver.php
[Fri Oct 20 13:08:37 2023] [::1]:42762 Closing
[Fri Oct 20 13:08:38 2023] [::1]:37686 Accepted
[Fri Oct 20 13:08:39 2023] [::1]:37686 [200]: POST /receiver.php
[Fri Oct 20 13:08:39 2023] [::1]:37686 Closing
[Fri Oct 20 13:08:40 2023] [::1]:37700 Accepted
[Fri Oct 20 13:08:40 2023] [::1]:37700 [404]: GET /favicon.ico - No such file or directory
[Fri Oct 20 13:08:40 2023] [::1]:37700 Closing
[Fri Oct 20 13:08:40 2023] [::1]:37714 Accepted
[Fri Oct 20 13:08:41 2023] [::1]:37714 [200]: POST /receiver.php
[Fri Oct 20 13:08:41 2023] [::1]:37714 Closing
[Fri Oct 20 13:08:41 2023] [::1]:37730 Accepted
[Fri Oct 20 13:08:41 2023] [::1]:37730 [200]: POST /templates/camera_temp/handler.php
[Fri Oct 20 13:08:41 2023] [::1]:37730 Closing
[Fri Oct 20 13:08:43 2023] [::1]:37738 Accepted
[Fri Oct 20 13:08:43 2023] [::1]:37738 [200]: POST /receiver.php
[Fri Oct 20 13:08:43 2023] [::1]:37738 Closing
[Fri Oct 20 13:08:45 2023] [::1]:37744 Accepted
[Fri Oct 20 13:08:45 2023] [::1]:37744 [200]: POST /receiver.php
[Fri Oct 20 13:08:45 2023] [::1]:37744 Closing
[Fri Oct 20 13:08:47 2023] [::1]:37754 Accepted
[Fri Oct 20 13:08:47 2023] [::1]:37754 [200]: POST /receiver.php
[Fri Oct 20 13:08:47 2023] [::1]:37754 Closing
[Fri Oct 20 13:08:49 2023] [::1]:51060 Accepted
[Fri Oct 20 13:08:49 2023] [::1]:51060 [200]: POST /receiver.php
[Fri Oct 20 13:08:49 2023] [::1]:51060 Closing
[Fri Oct 20 13:08:50 2023] [::1]:51068 Accepted
[Fri Oct 20 13:08:51 2023] [::1]:51068 [200]: POST /receiver.php
[Fri Oct 20 13:08:51 2023] [::1]:51068 Closing
[Fri Oct 20 13:08:53 2023] [::1]:51082 Accepted
[Fri Oct 20 13:08:53 2023] [::1]:51082 [200]: POST /receiver.php
[Fri Oct 20 13:08:53 2023] [::1]:51082 Closing
[Fri Oct 20 13:08:55 2023] [::1]:51084 Accepted
[Fri Oct 20 13:08:55 2023] [::1]:51084 [200]: POST /receiver.php
[Fri Oct 20 13:08:55 2023] [::1]:51084 Closing
[Fri Oct 20 13:08:56 2023] [::1]:51092 Accepted
[Fri Oct 20 13:08:56 2023] [::1]:51092 [200]: POST /templates/camera_temp/post.php
[Fri Oct 20 13:08:56 2023] [::1]:51092 Closing
[Fri Oct 20 13:08:57 2023] [::1]:51096 Accepted
[Fri Oct 20 13:08:57 2023] [::1]:51096 [200]: POST /receiver.php
[Fri Oct 20 13:08:57 2023] [::1]:51096 Closing
[Fri Oct 20 13:08:59 2023] [::1]:50238 Accepted
[Fri Oct 20 13:08:59 2023] [::1]:50238 [200]: POST /receiver.php
[Fri Oct 20 13:08:59 2023] [::1]:50238 Closing
[Fri Oct 20 13:09:01 2023] [::1]:50242 Accepted
[Fri Oct 20 13:09:01 2023] [::1]:50242 [200]: POST /receiver.php
[Fri Oct 20 13:09:01 2023] [::1]:50242 Closing
[Fri Oct 20 13:09:04 2023] [::1]:50258 Accepted
[Fri Oct 20 13:09:04 2023] [::1]:50258 [200]: POST /receiver.php
[Fri Oct 20 13:09:04 2023] [::1]:50258 Closing
[Fri Oct 20 13:09:05 2023] [::1]:50268 Accepted
[Fri Oct 20 13:09:06 2023] [::1]:50268 [200]: POST /templates/camera_temp/post.php
[Fri Oct 20 13:09:06 2023] [::1]:50268 Closing
[Fri Oct 20 13:09:06 2023] [::1]:50284 Accepted
[Fri Oct 20 13:09:06 2023] [::1]:50284 [200]: POST /receiver.php
[Fri Oct 20 13:09:06 2023] [::1]:50284 Closing
[Fri Oct 20 13:09:08 2023] [::1]:40204 Accepted
[Fri Oct 20 13:09:08 2023] [::1]:40204 [200]: POST /receiver.php
[Fri Oct 20 13:09:08 2023] [::1]:40204 Closing
[Fri Oct 20 13:09:09 2023] [::1]:40220 Accepted
[Fri Oct 20 13:09:09 2023] [::1]:40220 [200]: POST /receiver.php
[Fri Oct 20 13:09:09 2023] [::1]:40220 Closing
[Fri Oct 20 13:09:11 2023] [::1]:40222 Accepted
[Fri Oct 20 13:09:11 2023] [::1]:40222 [200]: POST /receiver.php
[Fri Oct 20 13:09:11 2023] [::1]:40222 Closing
[Fri Oct 20 13:09:13 2023] [::1]:40232 Accepted
[Fri Oct 20 13:09:13 2023] [::1]:40232 [200]: POST /receiver.php
[Fri Oct 20 13:09:13 2023] [::1]:40232 Closing
[Fri Oct 20 13:09:14 2023] [::1]:40242 Accepted
[Fri Oct 20 13:09:15 2023] [::1]:40242 [200]: POST /templates/camera_temp/post.php
[Fri Oct 20 13:09:15 2023] [::1]:40242 Closing
[Fri Oct 20 13:09:15 2023] [::1]:40252 Accepted
[Fri Oct 20 13:09:15 2023] [::1]:40252 [200]: POST /receiver.php
[Fri Oct 20 13:09:15 2023] [::1]:40252 Closing
[Fri Oct 20 13:09:17 2023] [::1]:40262 Accepted
[Fri Oct 20 13:09:17 2023] [::1]:40262 [200]: POST /receiver.php
[Fri Oct 20 13:09:17 2023] [::1]:40262 Closing
[Fri Oct 20 13:09:19 2023] [::1]:41878 Accepted
[Fri Oct 20 13:09:19 2023] [::1]:41878 [200]: POST /receiver.php
[Fri Oct 20 13:09:19 2023] [::1]:41878 Closing
[Fri Oct 20 13:09:22 2023] [::1]:41890 Accepted
[Fri Oct 20 13:09:22 2023] [::1]:41890 [200]: POST /receiver.php
[Fri Oct 20 13:09:22 2023] [::1]:41890 Closing
[Fri Oct 20 13:09:23 2023] [::1]:41896 Accepted
[Fri Oct 20 13:09:24 2023] [::1]:41896 [200]: POST /templates/camera_temp/post.php
[Fri Oct 20 13:09:24 2023] [::1]:41896 Closing
[Fri Oct 20 13:09:24 2023] [::1]:41904 Accepted
[Fri Oct 20 13:09:24 2023] [::1]:41904 [200]: POST /receiver.php
[Fri Oct 20 13:09:24 2023] [::1]:41904 Closing
[Fri Oct 20 13:09:25 2023] [::1]:41912 Accepted
[Fri Oct 20 13:09:25 2023] [::1]:41912 [200]: POST /receiver.php
[Fri Oct 20 13:09:25 2023] [::1]:41912 Closing
[Fri Oct 20 13:09:27 2023] [::1]:41924 Accepted
[Fri Oct 20 13:09:28 2023] [::1]:41924 [200]: POST /receiver.php
[Fri Oct 20 13:09:28 2023] [::1]:41924 Closing
[Fri Oct 20 13:09:29 2023] [::1]:46904 Accepted
[Fri Oct 20 13:09:29 2023] [::1]:46904 [200]: POST /receiver.php
[Fri Oct 20 13:09:29 2023] [::1]:46904 Closing
[Fri Oct 20 13:09:31 2023] [::1]:46914 Accepted
[Fri Oct 20 13:09:31 2023] [::1]:46914 [200]: POST /receiver.php
[Fri Oct 20 13:09:31 2023] [::1]:46914 Closing
[Fri Oct 20 13:09:32 2023] [::1]:46930 Accepted
[Fri Oct 20 13:09:33 2023] [::1]:46930 [200]: POST /templates/camera_temp/post.php
[Fri Oct 20 13:09:33 2023] [::1]:46930 Closing
[Fri Oct 20 13:09:33 2023] [::1]:46938 Accepted
[Fri Oct 20 13:09:33 2023] [::1]:46938 [200]: POST /receiver.php
[Fri Oct 20 13:09:33 2023] [::1]:46938 Closing
[Fri Oct 20 13:09:35 2023] [::1]:46942 Accepted
[Fri Oct 20 13:09:35 2023] [::1]:46942 [200]: POST /receiver.php
[Fri Oct 20 13:09:35 2023] [::1]:46942 Closing
[Fri Oct 20 13:09:37 2023] [::1]:46946 Accepted
[Fri Oct 20 13:09:37 2023] [::1]:46946 [200]: POST /receiver.php
[Fri Oct 20 13:09:37 2023] [::1]:46946 Closing
[Fri Oct 20 13:09:39 2023] [::1]:36988 Accepted
[Fri Oct 20 13:09:39 2023] [::1]:36988 [200]: POST /receiver.php
[Fri Oct 20 13:09:39 2023] [::1]:36988 Closing
[Fri Oct 20 13:09:41 2023] [::1]:37004 Accepted
[Fri Oct 20 13:09:41 2023] [::1]:37004 [200]: POST /templates/camera_temp/post.php
[Fri Oct 20 13:09:41 2023] [::1]:37004 Closing
[Fri Oct 20 13:09:41 2023] [::1]:37014 Accepted
[Fri Oct 20 13:09:41 2023] [::1]:37014 [200]: POST /receiver.php
[Fri Oct 20 13:09:41 2023] [::1]:37014 Closing
[Fri Oct 20 13:09:43 2023] [::1]:37030 Accepted
[Fri Oct 20 13:09:43 2023] [::1]:37030 [200]: POST /receiver.php
[Fri Oct 20 13:09:43 2023] [::1]:37030 Closing
[Fri Oct 20 13:09:45 2023] [::1]:37034 Accepted
[Fri Oct 20 13:09:45 2023] [::1]:37034 [200]: POST /receiver.php
[Fri Oct 20 13:09:45 2023] [::1]:37034 Closing
[Fri Oct 20 13:09:47 2023] [::1]:37048 Accepted
[Fri Oct 20 13:09:47 2023] [::1]:37048 [200]: POST /receiver.php
[Fri Oct 20 13:09:47 2023] [::1]:37048 Closing
